c:\users\harry\onedrive\uni\year 3\semester 2\datastrucalgo\cw1\cw1\debug\vc142.pdb
c:\users\harry\onedrive\uni\year 3\semester 2\datastrucalgo\cw1\cw1\debug\vc142.idb
c:\users\harry\onedrive\uni\year 3\semester 2\datastrucalgo\cw1\cw1\debug\seat.obj
c:\users\harry\onedrive\uni\year 3\semester 2\datastrucalgo\cw1\cw1\debug\hashtable.obj
c:\users\harry\onedrive\uni\year 3\semester 2\datastrucalgo\cw1\cw1\debug\bookmenu.obj
c:\users\harry\onedrive\uni\year 3\semester 2\datastrucalgo\cw1\cw1\debug\cw1.obj
c:\users\harry\onedrive\uni\year 3\semester 2\datastrucalgo\cw1\cw1\debug\seat.nativecodeanalysis.sarif
c:\users\harry\onedrive\uni\year 3\semester 2\datastrucalgo\cw1\cw1\debug\seat.nativecodeanalysis.xml
c:\users\harry\onedrive\uni\year 3\semester 2\datastrucalgo\cw1\cw1\debug\hashtable.nativecodeanalysis.sarif
c:\users\harry\onedrive\uni\year 3\semester 2\datastrucalgo\cw1\cw1\debug\hashtable.nativecodeanalysis.xml
c:\users\harry\onedrive\uni\year 3\semester 2\datastrucalgo\cw1\cw1\debug\cw1.nativecodeanalysis.sarif
c:\users\harry\onedrive\uni\year 3\semester 2\datastrucalgo\cw1\cw1\debug\cw1.nativecodeanalysis.xml
c:\users\harry\onedrive\uni\year 3\semester 2\datastrucalgo\cw1\cw1\debug\bookmenu.nativecodeanalysis.sarif
c:\users\harry\onedrive\uni\year 3\semester 2\datastrucalgo\cw1\cw1\debug\bookmenu.nativecodeanalysis.xml
c:\users\harry\onedrive\uni\year 3\semester 2\datastrucalgo\cw1\debug\cw1.exe
c:\users\harry\onedrive\uni\year 3\semester 2\datastrucalgo\cw1\debug\cw1.ilk
c:\users\harry\onedrive\uni\year 3\semester 2\datastrucalgo\cw1\debug\cw1.pdb
c:\users\harry\onedrive\uni\year 3\semester 2\datastrucalgo\cw1\cw1\debug\cw1.new.obj.enc
c:\users\harry\onedrive\uni\year 3\semester 2\datastrucalgo\cw1\cw1\debug\hashtable.new.obj.enc
c:\users\harry\onedrive\uni\year 3\semester 2\datastrucalgo\cw1\cw1\debug\nativecodeanalysis.read.1.tlog
c:\users\harry\onedrive\uni\year 3\semester 2\datastrucalgo\cw1\cw1\debug\vc.nativecodeanalysis.all.xml
c:\users\harry\onedrive\uni\year 3\semester 2\datastrucalgo\cw1\debug\cw1.exe.lastcodeanalysissucceeded
c:\users\harry\onedrive\uni\year 3\semester 2\datastrucalgo\cw1\cw1\debug\cw1.tlog\cl.command.1.tlog
c:\users\harry\onedrive\uni\year 3\semester 2\datastrucalgo\cw1\cw1\debug\cw1.tlog\cl.read.1.tlog
c:\users\harry\onedrive\uni\year 3\semester 2\datastrucalgo\cw1\cw1\debug\cw1.tlog\cl.write.1.tlog
c:\users\harry\onedrive\uni\year 3\semester 2\datastrucalgo\cw1\cw1\debug\cw1.tlog\link.command.1.tlog
c:\users\harry\onedrive\uni\year 3\semester 2\datastrucalgo\cw1\cw1\debug\cw1.tlog\link.read.1.tlog
c:\users\harry\onedrive\uni\year 3\semester 2\datastrucalgo\cw1\cw1\debug\cw1.tlog\link.write.1.tlog
